<?xml version="1.0" encoding="UTF-8"?>
<!-- Generated by org.testng.reporters.JUnitReportReporter -->
<testsuite hostname="LAPTOP-JPCOC1D5" failures="0" tests="1" name="BasicCode.AuthLogin" time="3.121" errors="0" timestamp="2025-05-07T19:49:35 IST" skipped="0">
  <testcase classname="BasicCode.AuthLogin" name="AuthLogin" time="3.121"/>
  <system-out/>
</testsuite> <!-- BasicCode.AuthLogin -->
